[21:46:52] [ServerMain/INFO]: [bootstrap] Running Java 21 (OpenJDK 64-Bit Server VM 21.0.5+11-Ubuntu-1ubuntu120.04; Ubuntu null) on Linux 6.5.0-1025-azure (amd64)
[21:46:52] [ServerMain/INFO]: [bootstrap] Loading Paper 1.21.1-57-master@b483da4 (2024-09-01T18:09:05Z) for Minecraft 1.21.1
[21:46:53] [ServerMain/INFO]: [PluginInitializerManager] Initializing plugins...
[21:46:53] [ServerMain/INFO]: [PluginInitializerManager] Initialized 0 plugins
[21:46:55] [Paper Plugin Remapper Thread - 0/INFO]: [ReobfServer] Remapping server...
[21:47:04] [ServerMain/INFO]: Environment: Environment[sessionHost=https://sessionserver.mojang.com, servicesHost=https://api.minecraftservices.com, name=PROD]
[21:47:05] [ServerMain/INFO]: Found new data pack file/bukkit, loading it automatically
[21:47:05] [ServerMain/INFO]: Found new data pack paper, loading it automatically
[21:47:07] [ServerMain/INFO]: No existing world data, creating new world
[21:47:09] [ServerMain/INFO]: Loaded 1290 recipes
[21:47:10] [ServerMain/INFO]: Loaded 1399 advancements
[21:47:10] [Paper Plugin Remapper Thread - 0/INFO]: [ReobfServer] Done remapping server in 15348ms.
[21:47:11] [Server thread/INFO]: Starting minecraft server version 1.21.1
[21:47:11] [Server thread/INFO]: Loading properties
[21:47:11] [Server thread/INFO]: This server is running Paper version 1.21.1-57-master@b483da4 (2024-09-01T18:09:05Z) (Implementing API version 1.21.1-R0.1-SNAPSHOT)
[21:47:12] [Server thread/INFO]: [spark] This server bundles the spark profiler. For more information please visit https://docs.papermc.io/paper/profiling
[21:47:12] [Server thread/INFO]: Server Ping Player Sample Count: 12
[21:47:12] [Server thread/INFO]: Using 4 threads for Netty based IO
[21:47:13] [Server thread/INFO]: [ChunkTaskScheduler] Chunk system is using 1 I/O threads, 1 worker threads, and population gen parallelism of 1 threads
[21:47:13] [Server thread/INFO]: Default game type: SURVIVAL
[21:47:13] [Server thread/INFO]: Generating keypair
[21:47:14] [Server thread/INFO]: Starting Minecraft server on *:25565
[21:47:14] [Server thread/INFO]: Using epoll channel type
[21:47:14] [Server thread/INFO]: Paper: Using libdeflate (Linux x86_64) compression from Velocity.
[21:47:14] [Server thread/INFO]: Paper: Using OpenSSL 1.1.x (Linux x86_64) cipher from Velocity.
[21:47:14] [Server thread/WARN]: **** SERVER IS RUNNING IN OFFLINE/INSECURE MODE!
[21:47:14] [Server thread/WARN]: The server will make no attempt to authenticate usernames. Beware.
[21:47:14] [Server thread/WARN]: While this makes the game possible to play without internet access, it also opens up the ability for hackers to connect with any username they choose.
[21:47:14] [Server thread/WARN]: To change this, set "online-mode" to "true" in the server.properties file.
[21:47:14] [Server thread/INFO]: Preparing level "world"
[21:47:34] [Server thread/INFO]: Preparing start region for dimension minecraft:overworld
[21:47:44] [Server thread/INFO]: Time elapsed: 10152 ms
[21:47:44] [Server thread/INFO]: Preparing start region for dimension minecraft:the_nether
[21:47:47] [Server thread/INFO]: Time elapsed: 2813 ms
[21:47:47] [Server thread/INFO]: Preparing start region for dimension minecraft:the_end
[21:47:47] [Server thread/INFO]: Time elapsed: 765 ms
[21:47:47] [Server thread/INFO]: [spark] Starting background profiler...
[21:47:48] [Server thread/INFO]: Done preparing level "world" (34.037s)
[21:47:48] [Server thread/INFO]: Running delayed init tasks
[21:47:48] [Server thread/INFO]: Done (56.897s)! For help, type "help"
[21:47:48] [Server thread/INFO]: *************************************************************************************
[21:47:48] [Server thread/INFO]: This is the first time you're starting this server.
[21:47:48] [Server thread/INFO]: It's recommended you read our 'Getting Started' documentation for guidance.
[21:47:48] [Server thread/INFO]: View this and more helpful information here: https://docs.papermc.io/paper/next-steps
[21:47:48] [Server thread/INFO]: *************************************************************************************
[21:47:48] [Server thread/INFO]: Timings Reset
